<?xml version="1.0" encoding="UTF-8"?>
<!-- Generated by org.testng.reporters.JUnitReportReporter -->
<testsuite skipped="0" hostname="LT095011" name="Com.SPB.test.BrokenImagesTest" tests="2" failures="0" timestamp="26 May 2022 11:41:35 GMT" time="41.342" errors="0">
  <testcase name="BrokenImage" time="24.235" classname="Com.SPB.test.BrokenImagesTest"/>
  <testcase name="BrokenImage" time="17.107" classname="Com.SPB.test.BrokenImagesTest"/>
</testsuite> <!-- Com.SPB.test.BrokenImagesTest -->
