<?xml version="1.0" encoding="UTF-8"?>
<!-- Generated by org.testng.reporters.JUnitReportReporter -->
<testsuite hostname="LT095011" failures="0" tests="2" name="Com.SPB.test.VerifyValidation" time="132.445" errors="0" timestamp="04 Nov 2022 09:35:19 GMT" skipped="0">
  <testcase classname="Com.SPB.test.VerifyValidation" name="verifyOpenButtonAllProject" time="73.561"/>
  <testcase classname="Com.SPB.test.VerifyValidation" name="verifyOpenButtonMyPending" time="58.884"/>
</testsuite> <!-- Com.SPB.test.VerifyValidation -->
