<?xml version="1.0" encoding="UTF-8"?>
<!-- Generated by org.testng.reporters.JUnitReportReporter -->
<testsuite skipped="1" hostname="LT095011" name="Com.SPB.test.VerifyProjectExistence" tests="2" failures="0" timestamp="26 Apr 2022 11:34:53 GMT" time="78.890" errors="0">
  <testcase name="SearchProjectForimportnotexists" time="78.890" classname="Com.SPB.test.VerifyProjectExistence"/>
  <testcase name="SearchProjectForimporttexists" classname="Com.SPB.test.VerifyProjectExistence">
    <skipped/>
  </testcase> <!-- SearchProjectForimporttexists -->
</testsuite> <!-- Com.SPB.test.VerifyProjectExistence -->
