<?xml version="1.0" encoding="UTF-8"?>
<!-- Generated by org.testng.reporters.JUnitReportReporter -->
<testsuite skipped="0" hostname="LT095011" name="Com.SPB.test.verifyProjectIndicator" tests="1" failures="0" timestamp="31 Jan 2022 18:31:37 GMT" time="59.719" errors="0">
  <testcase name="f" time="59.719" classname="Com.SPB.test.verifyProjectIndicator"/>
</testsuite> <!-- Com.SPB.test.verifyProjectIndicator -->
