<?xml version="1.0" encoding="UTF-8"?>
<!-- Generated by org.testng.reporters.JUnitReportReporter -->
<testsuite skipped="0" hostname="LT095011" name="Com.SPB.test.ScenarioTestTest" tests="1" failures="0" timestamp="14 Apr 2022 12:23:33 GMT" time="39.970" errors="0">
  <testcase name="test" time="39.970" classname="Com.SPB.test.ScenarioTestTest"/>
</testsuite> <!-- Com.SPB.test.ScenarioTestTest -->
