<?xml version="1.0" encoding="UTF-8"?>
<!-- Generated by org.testng.reporters.JUnitReportReporter -->
<testsuite hostname="LT095011" failures="0" tests="1" name="Com.SPB.test.VerifySearchProject" time="48.343" errors="0" timestamp="04 Nov 2022 09:35:19 GMT" skipped="0">
  <testcase classname="Com.SPB.test.VerifySearchProject" name="searchproject" time="48.343"/>
</testsuite> <!-- Com.SPB.test.VerifySearchProject -->
