<?xml version="1.0" encoding="UTF-8"?>
<!-- Generated by org.testng.reporters.JUnitReportReporter -->
<testsuite skipped="0" hostname="LT095011" name="Com.SPB.test.GlassPosition" tests="3" failures="0" timestamp="07 Apr 2022 06:39:45 GMT" time="286.650" errors="0">
  <testcase name="verifyAddVersionbtn" time="86.612" classname="Com.SPB.test.GlassPosition"/>
  <testcase name="verifyRedirectionToCostAndPriceDashboard" time="118.967" classname="Com.SPB.test.GlassPosition"/>
  <testcase name="ActionButtonMenuVersionDashboard" time="81.071" classname="Com.SPB.test.GlassPosition"/>
</testsuite> <!-- Com.SPB.test.GlassPosition -->
